{"D:\\front\\vuejs\\vue-ts-ailemente\\src\\util.ts": {"path":"D:\\front\\vuejs\\vue-ts-ailemente\\src\\util.ts","statementMap":{"0":{"start":{"line":2,"column":0},"end":{"line":2,"column":68}},"1":{"start":{"line":5,"column":52},"end":{"line":5,"column":72}},"2":{"start":{"line":6,"column":4},"end":{"line":9,"column":null}},"3":{"start":{"line":7,"column":8},"end":{"line":7,"column":51}},"4":{"start":{"line":8,"column":8},"end":{"line":8,"column":15}},"5":{"start":{"line":11,"column":4},"end":{"line":11,"column":null}},"6":{"start":{"line":4,"column":0},"end":{"line":4,"column":16}}},"fnMap":{"0":{"name":"useGlobalConfig","decl":{"start":{"line":4,"column":16},"end":{"line":4,"column":31}},"loc":{"start":{"line":4,"column":31},"end":{"line":12,"column":1}}}},"branchMap":{"0":{"loc":{"start":{"line":6,"column":4},"end":{"line":9,"column":null}},"type":"if","locations":[{"start":{"line":6,"column":4},"end":{"line":9,"column":null}}]},"1":{"loc":{"start":{"line":11,"column":11},"end":{"line":11,"column":71}},"type":"binary-expr","locations":[{"start":{"line":11,"column":11},"end":{"line":11,"column":65}},{"start":{"line":11,"column":69},"end":{"line":11,"column":71}}]}},"s":{"0":1,"1":2,"2":2,"3":0,"4":0,"5":2,"6":1},"f":{"0":2},"b":{"0":[0],"1":[2,2]}}
,"D:\\front\\vuejs\\vue-ts-ailemente\\src\\components\\button\\button.vue": {"path":"D:\\front\\vuejs\\vue-ts-ailemente\\src\\components\\button\\button.vue","statementMap":{"0":{"start":{"line":14,"column":0},"end":{"line":14,"column":15}},"1":{"start":{"line":20,"column":0},"end":{"line":20,"column":null}},"2":{"start":{"line":21,"column":0},"end":{"line":21,"column":null}},"3":{"start":{"line":14,"column":20},"end":{"line":14,"column":null}},"4":{"start":{"line":33,"column":21},"end":{"line":33,"column":null}},"5":{"start":{"line":34,"column":19},"end":{"line":34,"column":28}},"6":{"start":{"line":35,"column":4},"end":{"line":35,"column":11}}},"fnMap":{"0":{"name":"(anonymous_3)","decl":{"start":{"line":34,"column":28},"end":{"line":34,"column":null}},"loc":{"start":{"line":34,"column":28},"end":{"line":36,"column":null}}}},"branchMap":{"0":{"loc":{"start":{"line":35,"column":11},"end":{"line":35,"column":null}},"type":"binary-expr","locations":[{"start":{"line":35,"column":11},"end":{"line":35,"column":25}},{"start":{"line":35,"column":25},"end":{"line":35,"column":null}}]}},"s":{"0":1,"1":1,"2":1,"3":1,"4":2,"5":2,"6":2},"f":{"0":2},"b":{"0":[2,1]}}
}
